00:00:000 sdl\sdl.cpp:566 N[RENDERER]: Monitor refresh rate: 60 Hz (1707 x 960)
00:00:062 rend\vulkan\vulkan_context.cpp:234 N[RENDERER]: Vulkan API 1.1. Device NVIDIA GeForce GTX 1070 Ti
00:00:062 rend\vulkan\vulkan_context.cpp:242 N[RENDERER]: eR5G5B5A1UnormPack16 not supported for optimal tiling
00:00:062 rend\vulkan\vulkan_context.cpp:256 N[RENDERER]: eR4G4B4A4UnormPack16 not supported for optimal tiling
00:00:213 rend\vulkan\vulkan_context.h:261 N[RENDERER]: Using depth format D32SfloatS8Uint tiling Optimal
00:00:214 rend\gui.cpp:256 N[RENDERER]: Screen DPI is 144, size 1280 x 720. Scaling by 1.00
00:00:309 rend\vulkan\vulkan_renderer.cpp:31 N[RENDERER]: VulkanRenderer::Init
00:15:602 hw\mem\_vmem.cpp:483 N[VMEM]: Info: nvmem is enabled, with addr space of size 512MB
00:15:618 hw\mem\_vmem.cpp:576 N[VMEM]: BASE 00007FF3F6D00000 RAM(16 MB) 00007FF402D00000 VRAM64(8 MB) 00007FF3FAD00000 ARAM(2 MB) 00007FF416D00000
00:15:628 hw\mem\_vmem.cpp:483 N[VMEM]: Info: nvmem is enabled, with addr space of size 512MB
00:15:657 hw\mem\_vmem.cpp:576 N[VMEM]: BASE 00007FF3F6D00000 RAM(32 MB) 00007FF402D00000 VRAM64(16 MB) 00007FF3FAD00000 ARAM(8 MB) 00007FF416D00000
00:16:542 hw\naomi\naomi_cart.cpp:402 N[NAOMI]: NAOMI GAME ID [DEAD OR ALIVE 2]
00:16:542 emulator.cpp:224 N[BOOT]: Game ID is [DEAD OR ALIVE 2]
00:16:551 sdl\sdl_gamepad.h:339 N[INPUT]: Resetting SDL gamepad to default: 1 1
00:00:000 sdl\sdl.cpp:566 N[RENDERER]: Monitor refresh rate: 60 Hz (1707 x 960)
00:00:106 rend\vulkan\vulkan_context.cpp:234 N[RENDERER]: Vulkan API 1.1. Device NVIDIA GeForce GTX 1070 Ti
00:00:107 rend\vulkan\vulkan_context.cpp:242 N[RENDERER]: eR5G5B5A1UnormPack16 not supported for optimal tiling
00:00:107 rend\vulkan\vulkan_context.cpp:256 N[RENDERER]: eR4G4B4A4UnormPack16 not supported for optimal tiling
00:00:280 rend\vulkan\vulkan_context.h:261 N[RENDERER]: Using depth format D32SfloatS8Uint tiling Optimal
00:00:282 rend\gui.cpp:256 N[RENDERER]: Screen DPI is 144, size 1280 x 720. Scaling by 1.00
00:00:368 rend\vulkan\vulkan_renderer.cpp:31 N[RENDERER]: VulkanRenderer::Init
00:07:170 hw\mem\_vmem.cpp:483 N[VMEM]: Info: nvmem is enabled, with addr space of size 512MB
00:07:182 hw\mem\_vmem.cpp:576 N[VMEM]: BASE 00007FF453070000 RAM(16 MB) 00007FF45F070000 VRAM64(8 MB) 00007FF457070000 ARAM(2 MB) 00007FF473070000
00:07:191 hw\mem\_vmem.cpp:483 N[VMEM]: Info: nvmem is enabled, with addr space of size 512MB
00:07:216 hw\mem\_vmem.cpp:576 N[VMEM]: BASE 00007FF453070000 RAM(32 MB) 00007FF45F070000 VRAM64(16 MB) 00007FF457070000 ARAM(8 MB) 00007FF473070000
00:08:125 hw\naomi\naomi_cart.cpp:402 N[NAOMI]: NAOMI GAME ID [DEAD OR ALIVE 2]
00:08:125 emulator.cpp:224 N[BOOT]: Game ID is [DEAD OR ALIVE 2]
00:08:134 sdl\sdl_gamepad.h:339 N[INPUT]: Resetting SDL gamepad to default: 1 1
00:00:000 sdl\sdl.cpp:566 N[RENDERER]: Monitor refresh rate: 60 Hz (1707 x 960)
00:00:148 rend\vulkan\vulkan_context.cpp:234 N[RENDERER]: Vulkan API 1.1. Device NVIDIA GeForce GTX 1070 Ti
00:00:148 rend\vulkan\vulkan_context.cpp:242 N[RENDERER]: eR5G5B5A1UnormPack16 not supported for optimal tiling
00:00:149 rend\vulkan\vulkan_context.cpp:256 N[RENDERER]: eR4G4B4A4UnormPack16 not supported for optimal tiling
00:00:309 rend\vulkan\vulkan_context.h:261 N[RENDERER]: Using depth format D32SfloatS8Uint tiling Optimal
00:00:311 rend\gui.cpp:256 N[RENDERER]: Screen DPI is 144, size 1280 x 720. Scaling by 1.00
00:00:397 rend\vulkan\vulkan_renderer.cpp:31 N[RENDERER]: VulkanRenderer::Init
00:09:818 hw\mem\_vmem.cpp:483 N[VMEM]: Info: nvmem is enabled, with addr space of size 512MB
00:09:829 hw\mem\_vmem.cpp:576 N[VMEM]: BASE 00007FF3FC240000 RAM(16 MB) 00007FF408240000 VRAM64(8 MB) 00007FF400240000 ARAM(2 MB) 00007FF41C240000
00:09:838 hw\mem\_vmem.cpp:483 N[VMEM]: Info: nvmem is enabled, with addr space of size 512MB
00:09:864 hw\mem\_vmem.cpp:576 N[VMEM]: BASE 00007FF3FC240000 RAM(32 MB) 00007FF408240000 VRAM64(16 MB) 00007FF400240000 ARAM(8 MB) 00007FF41C240000
00:10:763 hw\naomi\naomi_cart.cpp:402 N[NAOMI]: NAOMI GAME ID [DEAD OR ALIVE 2]
00:10:763 emulator.cpp:224 N[BOOT]: Game ID is [DEAD OR ALIVE 2]
00:10:772 sdl\sdl_gamepad.h:339 N[INPUT]: Resetting SDL gamepad to default: 1 1
00:00:000 sdl\sdl.cpp:566 N[RENDERER]: Monitor refresh rate: 60 Hz (1707 x 960)
00:00:056 rend\vulkan\vulkan_context.cpp:234 N[RENDERER]: Vulkan API 1.1. Device NVIDIA GeForce GTX 1070 Ti
00:00:056 rend\vulkan\vulkan_context.cpp:242 N[RENDERER]: eR5G5B5A1UnormPack16 not supported for optimal tiling
00:00:056 rend\vulkan\vulkan_context.cpp:256 N[RENDERER]: eR4G4B4A4UnormPack16 not supported for optimal tiling
00:00:222 rend\vulkan\vulkan_context.h:261 N[RENDERER]: Using depth format D32SfloatS8Uint tiling Optimal
00:00:224 rend\gui.cpp:256 N[RENDERER]: Screen DPI is 144, size 1280 x 720. Scaling by 1.00
00:00:307 rend\vulkan\vulkan_renderer.cpp:31 N[RENDERER]: VulkanRenderer::Init
00:06:378 hw\mem\_vmem.cpp:483 N[VMEM]: Info: nvmem is enabled, with addr space of size 512MB
00:06:392 hw\mem\_vmem.cpp:576 N[VMEM]: BASE 00007FF4A58B0000 RAM(16 MB) 00007FF4B18B0000 VRAM64(8 MB) 00007FF4A98B0000 ARAM(2 MB) 00007FF4C58B0000
00:06:402 hw\mem\_vmem.cpp:483 N[VMEM]: Info: nvmem is enabled, with addr space of size 512MB
00:06:427 hw\mem\_vmem.cpp:576 N[VMEM]: BASE 00007FF4A58B0000 RAM(32 MB) 00007FF4B18B0000 VRAM64(16 MB) 00007FF4A98B0000 ARAM(8 MB) 00007FF4C58B0000
00:07:348 hw\naomi\naomi_cart.cpp:402 N[NAOMI]: NAOMI GAME ID [DEAD OR ALIVE 2]
00:07:348 emulator.cpp:224 N[BOOT]: Game ID is [DEAD OR ALIVE 2]
00:07:358 sdl\sdl_gamepad.h:339 N[INPUT]: Resetting SDL gamepad to default: 1 1
00:00:000 sdl\sdl.cpp:566 N[RENDERER]: Monitor refresh rate: 60 Hz (1707 x 960)
00:00:061 rend\vulkan\vulkan_context.cpp:234 N[RENDERER]: Vulkan API 1.1. Device NVIDIA GeForce GTX 1070 Ti
00:00:061 rend\vulkan\vulkan_context.cpp:242 N[RENDERER]: eR5G5B5A1UnormPack16 not supported for optimal tiling
00:00:061 rend\vulkan\vulkan_context.cpp:256 N[RENDERER]: eR4G4B4A4UnormPack16 not supported for optimal tiling
00:00:219 rend\vulkan\vulkan_context.h:261 N[RENDERER]: Using depth format D32SfloatS8Uint tiling Optimal
00:00:220 rend\gui.cpp:256 N[RENDERER]: Screen DPI is 144, size 1280 x 720. Scaling by 1.00
00:00:315 rend\vulkan\vulkan_renderer.cpp:31 N[RENDERER]: VulkanRenderer::Init
00:45:915 hw\mem\_vmem.cpp:483 N[VMEM]: Info: nvmem is enabled, with addr space of size 512MB
00:45:927 hw\mem\_vmem.cpp:576 N[VMEM]: BASE 00007FF475830000 RAM(16 MB) 00007FF481830000 VRAM64(8 MB) 00007FF479830000 ARAM(2 MB) 00007FF495830000
00:45:937 hw\mem\_vmem.cpp:483 N[VMEM]: Info: nvmem is enabled, with addr space of size 512MB
00:45:963 hw\mem\_vmem.cpp:576 N[VMEM]: BASE 00007FF475830000 RAM(32 MB) 00007FF481830000 VRAM64(16 MB) 00007FF479830000 ARAM(8 MB) 00007FF495830000
00:50:313 hw\naomi\naomi_cart.cpp:402 N[NAOMI]: NAOMI GAME ID [MONKEY BALL JAPAN VERSION]
00:50:313 emulator.cpp:224 N[BOOT]: Game ID is [MONKEY BALL JAPAN VERSION]
00:50:322 sdl\sdl_gamepad.h:339 N[INPUT]: Resetting SDL gamepad to default: 1 1
00:00:000 sdl\sdl.cpp:566 N[RENDERER]: Monitor refresh rate: 60 Hz (1707 x 960)
00:00:061 rend\vulkan\vulkan_context.cpp:234 N[RENDERER]: Vulkan API 1.1. Device NVIDIA GeForce GTX 1070 Ti
00:00:061 rend\vulkan\vulkan_context.cpp:242 N[RENDERER]: eR5G5B5A1UnormPack16 not supported for optimal tiling
00:00:061 rend\vulkan\vulkan_context.cpp:256 N[RENDERER]: eR4G4B4A4UnormPack16 not supported for optimal tiling
00:00:240 rend\vulkan\vulkan_context.h:261 N[RENDERER]: Using depth format D32SfloatS8Uint tiling Optimal
00:00:242 rend\gui.cpp:256 N[RENDERER]: Screen DPI is 144, size 1280 x 720. Scaling by 1.00
00:00:325 rend\vulkan\vulkan_renderer.cpp:31 N[RENDERER]: VulkanRenderer::Init
00:07:470 hw\mem\_vmem.cpp:483 N[VMEM]: Info: nvmem is enabled, with addr space of size 512MB
00:07:484 hw\mem\_vmem.cpp:576 N[VMEM]: BASE 00007FF4465E0000 RAM(16 MB) 00007FF4525E0000 VRAM64(8 MB) 00007FF44A5E0000 ARAM(2 MB) 00007FF4665E0000
00:07:494 hw\mem\_vmem.cpp:483 N[VMEM]: Info: nvmem is enabled, with addr space of size 512MB
00:07:524 hw\mem\_vmem.cpp:576 N[VMEM]: BASE 00007FF4465E0000 RAM(32 MB) 00007FF4525E0000 VRAM64(16 MB) 00007FF44A5E0000 ARAM(8 MB) 00007FF4665E0000
00:08:450 hw\naomi\naomi_cart.cpp:402 N[NAOMI]: NAOMI GAME ID [DEAD OR ALIVE 2]
00:08:450 emulator.cpp:224 N[BOOT]: Game ID is [DEAD OR ALIVE 2]
00:08:459 sdl\sdl_gamepad.h:339 N[INPUT]: Resetting SDL gamepad to default: 1 1
00:00:000 sdl\sdl.cpp:566 N[RENDERER]: Monitor refresh rate: 60 Hz (1707 x 960)
00:00:043 rend\vulkan\vulkan_context.cpp:234 N[RENDERER]: Vulkan API 1.1. Device NVIDIA GeForce GTX 1070 Ti
00:00:043 rend\vulkan\vulkan_context.cpp:242 N[RENDERER]: eR5G5B5A1UnormPack16 not supported for optimal tiling
00:00:043 rend\vulkan\vulkan_context.cpp:256 N[RENDERER]: eR4G4B4A4UnormPack16 not supported for optimal tiling
00:00:178 rend\vulkan\vulkan_context.h:261 N[RENDERER]: Using depth format D32SfloatS8Uint tiling Optimal
00:00:179 rend\gui.cpp:256 N[RENDERER]: Screen DPI is 144, size 1280 x 720. Scaling by 1.00
00:00:249 rend\vulkan\vulkan_renderer.cpp:31 N[RENDERER]: VulkanRenderer::Init
00:02:864 hw\mem\_vmem.cpp:483 N[VMEM]: Info: nvmem is enabled, with addr space of size 512MB
00:02:875 hw\mem\_vmem.cpp:576 N[VMEM]: BASE 00007FF4413D0000 RAM(16 MB) 00007FF44D3D0000 VRAM64(8 MB) 00007FF4453D0000 ARAM(2 MB) 00007FF4613D0000
00:02:884 hw\mem\_vmem.cpp:483 N[VMEM]: Info: nvmem is enabled, with addr space of size 512MB
00:02:908 hw\mem\_vmem.cpp:576 N[VMEM]: BASE 00007FF4413D0000 RAM(32 MB) 00007FF44D3D0000 VRAM64(16 MB) 00007FF4453D0000 ARAM(8 MB) 00007FF4613D0000
00:03:826 hw\naomi\naomi_cart.cpp:402 N[NAOMI]: NAOMI GAME ID [DEAD OR ALIVE 2]
00:03:826 emulator.cpp:224 N[BOOT]: Game ID is [DEAD OR ALIVE 2]
00:03:835 sdl\sdl_gamepad.h:339 N[INPUT]: Resetting SDL gamepad to default: 1 1
01:11:003 rend\gui.cpp:2575 E[COMMON]: Verify Failed  : !sh4_int_bCpuRun
 in Sh4_int_Reset -> M:\sourcecode\flycast\core\hw\sh4\interpr\sh4_interpreter.cpp : 88
00:00:000 sdl\sdl.cpp:566 N[RENDERER]: Monitor refresh rate: 60 Hz (1707 x 960)
00:00:098 rend\vulkan\vulkan_context.cpp:234 N[RENDERER]: Vulkan API 1.1. Device NVIDIA GeForce GTX 1070 Ti
00:00:098 rend\vulkan\vulkan_context.cpp:242 N[RENDERER]: eR5G5B5A1UnormPack16 not supported for optimal tiling
00:00:099 rend\vulkan\vulkan_context.cpp:256 N[RENDERER]: eR4G4B4A4UnormPack16 not supported for optimal tiling
00:00:300 rend\vulkan\vulkan_context.h:261 N[RENDERER]: Using depth format D32SfloatS8Uint tiling Optimal
00:00:301 rend\gui.cpp:256 N[RENDERER]: Screen DPI is 144, size 1280 x 720. Scaling by 1.00
00:00:427 rend\vulkan\vulkan_renderer.cpp:31 N[RENDERER]: VulkanRenderer::Init
00:04:748 sdl\sdl.cpp:566 N[RENDERER]: Monitor refresh rate: 60 Hz (1707 x 960)
00:04:762 rend\gui.cpp:256 N[RENDERER]: Screen DPI is 144, size 1280 x 720. Scaling by 1.00
00:04:762 rend\gles\gles.cpp:534 N[RENDERER]: Open GL version 4.3
00:10:890 hw\mem\_vmem.cpp:483 N[VMEM]: Info: nvmem is enabled, with addr space of size 512MB
00:10:901 hw\mem\_vmem.cpp:576 N[VMEM]: BASE 00007FF4CA150000 RAM(16 MB) 00007FF4D6150000 VRAM64(8 MB) 00007FF4CE150000 ARAM(2 MB) 00007FF4EA150000
00:10:910 hw\mem\_vmem.cpp:483 N[VMEM]: Info: nvmem is enabled, with addr space of size 512MB
00:10:936 hw\mem\_vmem.cpp:576 N[VMEM]: BASE 00007FF4CA150000 RAM(32 MB) 00007FF4D6150000 VRAM64(16 MB) 00007FF4CE150000 ARAM(8 MB) 00007FF4EA150000
00:11:851 hw\naomi\naomi_cart.cpp:402 N[NAOMI]: NAOMI GAME ID [DEAD OR ALIVE 2]
00:11:851 emulator.cpp:224 N[BOOT]: Game ID is [DEAD OR ALIVE 2]
00:11:860 sdl\sdl_gamepad.h:339 N[INPUT]: Resetting SDL gamepad to default: 1 1
00:00:000 sdl\sdl.cpp:566 N[RENDERER]: Monitor refresh rate: 60 Hz (1707 x 960)
00:00:010 rend\gui.cpp:256 N[RENDERER]: Screen DPI is 144, size 1280 x 720. Scaling by 1.00
00:00:073 rend\gles\gles.cpp:534 N[RENDERER]: Open GL version 4.3
00:03:460 hw\mem\_vmem.cpp:483 N[VMEM]: Info: nvmem is enabled, with addr space of size 512MB
00:03:471 hw\mem\_vmem.cpp:576 N[VMEM]: BASE 00007FF4A4990000 RAM(16 MB) 00007FF4B0990000 VRAM64(8 MB) 00007FF4A8990000 ARAM(2 MB) 00007FF4C4990000
00:03:482 hw\mem\_vmem.cpp:483 N[VMEM]: Info: nvmem is enabled, with addr space of size 512MB
00:03:509 hw\mem\_vmem.cpp:576 N[VMEM]: BASE 00007FF4A4990000 RAM(32 MB) 00007FF4B0990000 VRAM64(16 MB) 00007FF4A8990000 ARAM(8 MB) 00007FF4C4990000
00:04:430 hw\naomi\naomi_cart.cpp:402 N[NAOMI]: NAOMI GAME ID [DEAD OR ALIVE 2]
00:04:430 emulator.cpp:224 N[BOOT]: Game ID is [DEAD OR ALIVE 2]
00:04:439 sdl\sdl_gamepad.h:339 N[INPUT]: Resetting SDL gamepad to default: 1 1
00:20:882 sdl\sdl_gamepad.h:339 N[INPUT]: Resetting SDL gamepad to default: 1 1
00:22:300 sdl\sdl_gamepad.h:339 N[INPUT]: Resetting SDL gamepad to default: 1 1
00:22:777 sdl\sdl_gamepad.h:339 N[INPUT]: Resetting SDL gamepad to default: 1 1
00:24:039 sdl\sdl_gamepad.h:339 N[INPUT]: Resetting SDL gamepad to default: 1 1
00:00:000 sdl\sdl.cpp:566 N[RENDERER]: Monitor refresh rate: 60 Hz (1707 x 960)
00:00:009 rend\gui.cpp:256 N[RENDERER]: Screen DPI is 144, size 1280 x 720. Scaling by 1.00
00:00:073 rend\gles\gles.cpp:534 N[RENDERER]: Open GL version 4.3
00:13:544 sdl\sdl.cpp:566 N[RENDERER]: Monitor refresh rate: 60 Hz (1707 x 960)
00:13:553 rend\vulkan\vulkan_context.cpp:234 N[RENDERER]: Vulkan API 1.1. Device NVIDIA GeForce GTX 1070 Ti
00:13:554 rend\vulkan\vulkan_context.cpp:242 N[RENDERER]: eR5G5B5A1UnormPack16 not supported for optimal tiling
00:13:554 rend\vulkan\vulkan_context.cpp:256 N[RENDERER]: eR4G4B4A4UnormPack16 not supported for optimal tiling
00:13:676 rend\vulkan\vulkan_context.h:261 N[RENDERER]: Using depth format D32SfloatS8Uint tiling Optimal
00:13:687 rend\gui.cpp:256 N[RENDERER]: Screen DPI is 144, size 1280 x 720. Scaling by 1.00
00:13:705 rend\vulkan\vulkan_renderer.cpp:31 N[RENDERER]: VulkanRenderer::Init
00:00:000 sdl\sdl.cpp:566 N[RENDERER]: Monitor refresh rate: 60 Hz (1707 x 960)
00:00:031 rend\gui.cpp:256 N[RENDERER]: Screen DPI is 144, size 1280 x 720. Scaling by 1.00
00:00:137 rend\gles\gles.cpp:534 N[RENDERER]: Open GL version 4.3
00:07:527 hw\mem\_vmem.cpp:483 N[VMEM]: Info: nvmem is enabled, with addr space of size 512MB
00:07:538 hw\mem\_vmem.cpp:576 N[VMEM]: BASE 00007FF4B3830000 RAM(16 MB) 00007FF4BF830000 VRAM64(8 MB) 00007FF4B7830000 ARAM(2 MB) 00007FF4D3830000
00:07:547 hw\mem\_vmem.cpp:483 N[VMEM]: Info: nvmem is enabled, with addr space of size 512MB
00:07:571 hw\mem\_vmem.cpp:576 N[VMEM]: BASE 00007FF4B3830000 RAM(32 MB) 00007FF4BF830000 VRAM64(16 MB) 00007FF4B7830000 ARAM(8 MB) 00007FF4D3830000
00:08:450 hw\naomi\naomi_cart.cpp:402 N[NAOMI]: NAOMI GAME ID [DEAD OR ALIVE 2]
00:08:450 emulator.cpp:224 N[BOOT]: Game ID is [DEAD OR ALIVE 2]
00:08:459 sdl\sdl_gamepad.h:339 N[INPUT]: Resetting SDL gamepad to default: 1 1
00:00:000 sdl\sdl.cpp:566 N[RENDERER]: Monitor refresh rate: 60 Hz (1707 x 960)
00:00:015 rend\gui.cpp:256 N[RENDERER]: Screen DPI is 144, size 1280 x 720. Scaling by 1.00
00:00:092 rend\gles\gles.cpp:534 N[RENDERER]: Open GL version 4.3
00:06:832 sdl\sdl.cpp:566 N[RENDERER]: Monitor refresh rate: 60 Hz (1707 x 960)
00:06:845 rend\vulkan\vulkan_context.cpp:234 N[RENDERER]: Vulkan API 1.1. Device NVIDIA GeForce GTX 1070 Ti
00:06:845 rend\vulkan\vulkan_context.cpp:242 N[RENDERER]: eR5G5B5A1UnormPack16 not supported for optimal tiling
00:06:845 rend\vulkan\vulkan_context.cpp:256 N[RENDERER]: eR4G4B4A4UnormPack16 not supported for optimal tiling
00:06:982 rend\vulkan\vulkan_context.h:261 N[RENDERER]: Using depth format D32SfloatS8Uint tiling Optimal
00:06:993 rend\gui.cpp:256 N[RENDERER]: Screen DPI is 144, size 1280 x 720. Scaling by 1.00
00:07:009 rend\vulkan\vulkan_renderer.cpp:31 N[RENDERER]: VulkanRenderer::Init
00:10:370 hw\mem\_vmem.cpp:483 N[VMEM]: Info: nvmem is enabled, with addr space of size 512MB
00:10:382 hw\mem\_vmem.cpp:576 N[VMEM]: BASE 00007FF42A080000 RAM(16 MB) 00007FF436080000 VRAM64(8 MB) 00007FF42E080000 ARAM(2 MB) 00007FF44A080000
00:10:391 hw\mem\_vmem.cpp:483 N[VMEM]: Info: nvmem is enabled, with addr space of size 512MB
00:10:416 hw\mem\_vmem.cpp:576 N[VMEM]: BASE 00007FF42A080000 RAM(32 MB) 00007FF436080000 VRAM64(16 MB) 00007FF42E080000 ARAM(8 MB) 00007FF44A080000
00:11:304 hw\naomi\naomi_cart.cpp:402 N[NAOMI]: NAOMI GAME ID [DEAD OR ALIVE 2]
00:11:305 emulator.cpp:224 N[BOOT]: Game ID is [DEAD OR ALIVE 2]
00:11:314 sdl\sdl_gamepad.h:339 N[INPUT]: Resetting SDL gamepad to default: 1 1
